Determining if the pthread_create exist failed with the following output:
Change Dir: /home/cognitiverobotics/student_ws/rug_kfold_cross_validation/build/CMakeFiles/CMakeTmp

Run Build Command:"/usr/bin/make" "cmTC_510fe/fast"
make[1]: Entering directory '/home/cognitiverobotics/student_ws/rug_kfold_cross_validation/build/CMakeFiles/CMakeTmp'
/usr/bin/make -f CMakeFiles/cmTC_510fe.dir/build.make CMakeFiles/cmTC_510fe.dir/build
make[2]: Entering directory '/home/cognitiverobotics/student_ws/rug_kfold_cross_validation/build/CMakeFiles/CMakeTmp'
Building C object CMakeFiles/cmTC_510fe.dir/CheckSymbolExists.c.o
/usr/bin/cc    -o CMakeFiles/cmTC_510fe.dir/CheckSymbolExists.c.o   -c /home/cognitiverobotics/student_ws/rug_kfold_cross_validation/build/CMakeFiles/CMakeTmp/CheckSymbolExists.c
Linking C executable cmTC_510fe
/usr/bin/cmake -E cmake_link_script CMakeFiles/cmTC_510fe.dir/link.txt --verbose=1
/usr/bin/cc      -rdynamic CMakeFiles/cmTC_510fe.dir/CheckSymbolExists.c.o  -o cmTC_510fe 
CMakeFiles/cmTC_510fe.dir/CheckSymbolExists.c.o: In function `main':
CheckSymbolExists.c:(.text+0x1b): undefined reference to `pthread_create'
collect2: error: ld returned 1 exit status
CMakeFiles/cmTC_510fe.dir/build.make:97: recipe for target 'cmTC_510fe' failed
make[2]: *** [cmTC_510fe] Error 1
make[2]: Leaving directory '/home/cognitiverobotics/student_ws/rug_kfold_cross_validation/build/CMakeFiles/CMakeTmp'
Makefile:126: recipe for target 'cmTC_510fe/fast' failed
make[1]: *** [cmTC_510fe/fast] Error 2
make[1]: Leaving directory '/home/cognitiverobotics/student_ws/rug_kfold_cross_validation/build/CMakeFiles/CMakeTmp'

File /home/cognitiverobotics/student_ws/rug_kfold_cross_validation/build/CMakeFiles/CMakeTmp/CheckSymbolExists.c:
/* */
#include <pthread.h>

int main(int argc, char** argv)
{
  (void)argv;
#ifndef pthread_create
  return ((int*)(&pthread_create))[argc];
#else
  (void)argc;
  return 0;
#endif
}

Determining if the function pthread_create exists in the pthreads failed with the following output:
Change Dir: /home/cognitiverobotics/student_ws/rug_kfold_cross_validation/build/CMakeFiles/CMakeTmp

Run Build Command:"/usr/bin/make" "cmTC_c95d7/fast"
make[1]: Entering directory '/home/cognitiverobotics/student_ws/rug_kfold_cross_validation/build/CMakeFiles/CMakeTmp'
/usr/bin/make -f CMakeFiles/cmTC_c95d7.dir/build.make CMakeFiles/cmTC_c95d7.dir/build
make[2]: Entering directory '/home/cognitiverobotics/student_ws/rug_kfold_cross_validation/build/CMakeFiles/CMakeTmp'
Building C object CMakeFiles/cmTC_c95d7.dir/CheckFunctionExists.c.o
/usr/bin/cc   -DCHECK_FUNCTION_EXISTS=pthread_create   -o CMakeFiles/cmTC_c95d7.dir/CheckFunctionExists.c.o   -c /usr/share/cmake-3.10/Modules/CheckFunctionExists.c
Linking C executable cmTC_c95d7
/usr/bin/cmake -E cmake_link_script CMakeFiles/cmTC_c95d7.dir/link.txt --verbose=1
/usr/bin/cc  -DCHECK_FUNCTION_EXISTS=pthread_create    -rdynamic CMakeFiles/cmTC_c95d7.dir/CheckFunctionExists.c.o  -o cmTC_c95d7 -lpthreads 
/usr/bin/ld: cannot find -lpthreads
collect2: error: ld returned 1 exit status
CMakeFiles/cmTC_c95d7.dir/build.make:97: recipe for target 'cmTC_c95d7' failed
make[2]: *** [cmTC_c95d7] Error 1
make[2]: Leaving directory '/home/cognitiverobotics/student_ws/rug_kfold_cross_validation/build/CMakeFiles/CMakeTmp'
Makefile:126: recipe for target 'cmTC_c95d7/fast' failed
make[1]: *** [cmTC_c95d7/fast] Error 2
make[1]: Leaving directory '/home/cognitiverobotics/student_ws/rug_kfold_cross_validation/build/CMakeFiles/CMakeTmp'


